[25-Jun-2022 08:29:33 Europe/Berlin] Inicio de aplicacion web
[25-Jun-2022 08:29:33 Europe/Berlin] Errores::construct -> Inicio de Errores
[25-Jun-2022 08:32:28 Europe/Berlin] Inicio de aplicacion web
[25-Jun-2022 08:32:28 Europe/Berlin] APP::CONSTRUCT-> no hay controlador especificado
[25-Jun-2022 08:32:28 Europe/Berlin] SESSIONCONTROLLER::validateSession
[25-Jun-2022 08:32:28 Europe/Berlin] SESSIONCONTROLLER::getCurrentPage -> 
[25-Jun-2022 08:32:28 Europe/Berlin] Login::construct -> Inicio de login
[25-Jun-2022 08:32:28 Europe/Berlin] Login::render -> Carga el index de login
[25-Jun-2022 08:32:31 Europe/Berlin] Inicio de aplicacion web
[25-Jun-2022 08:32:31 Europe/Berlin] SESSIONCONTROLLER::validateSession
[25-Jun-2022 08:32:31 Europe/Berlin] SESSIONCONTROLLER::getCurrentPage -> login
[25-Jun-2022 08:32:31 Europe/Berlin] Login::construct -> Inicio de login
[25-Jun-2022 08:32:31 Europe/Berlin] PHP Warning:  Invalid argument supplied for foreach() in C:\xampp\htdocs\expenses\libs\controller.php on line 21
[25-Jun-2022 08:32:31 Europe/Berlin] Conexión a BD exitosa
[25-Jun-2022 08:32:31 Europe/Berlin] LoginModel::login -> success 
[25-Jun-2022 08:32:31 Europe/Berlin] PHP Notice:  Undefined index: user in C:\xampp\htdocs\expenses\classes\sessioncontroller.php on line 144
[25-Jun-2022 08:32:32 Europe/Berlin] Inicio de aplicacion web
[25-Jun-2022 08:32:32 Europe/Berlin] APP::CONSTRUCT-> no hay controlador especificado
[25-Jun-2022 08:32:32 Europe/Berlin] SESSIONCONTROLLER::validateSession
[25-Jun-2022 08:32:32 Europe/Berlin] Conexión a BD exitosa
[25-Jun-2022 08:32:32 Europe/Berlin] SESSIONCONTROLLER::getUserSessionData -> a
[25-Jun-2022 08:32:32 Europe/Berlin] SESSIONCONTROLLER::getCurrentPage -> 
[25-Jun-2022 08:32:32 Europe/Berlin] Login::construct -> Inicio de login
[25-Jun-2022 08:32:32 Europe/Berlin] Login::render -> Carga el index de login
[25-Jun-2022 08:32:32 Europe/Berlin] Inicio de aplicacion web
[25-Jun-2022 08:32:32 Europe/Berlin] Errores::construct -> Inicio de Errores
[25-Jun-2022 08:33:52 Europe/Berlin] Inicio de aplicacion web
[25-Jun-2022 08:33:52 Europe/Berlin] Errores::construct -> Inicio de Errores
[25-Jun-2022 08:33:56 Europe/Berlin] Inicio de aplicacion web
[25-Jun-2022 08:33:56 Europe/Berlin] APP::CONSTRUCT-> no hay controlador especificado
[25-Jun-2022 08:33:56 Europe/Berlin] SESSIONCONTROLLER::validateSession
[25-Jun-2022 08:33:56 Europe/Berlin] Conexión a BD exitosa
[25-Jun-2022 08:33:56 Europe/Berlin] SESSIONCONTROLLER::getUserSessionData -> a
[25-Jun-2022 08:33:56 Europe/Berlin] SESSIONCONTROLLER::getCurrentPage -> 
[25-Jun-2022 08:33:56 Europe/Berlin] Login::construct -> Inicio de login
[25-Jun-2022 08:33:56 Europe/Berlin] Login::render -> Carga el index de login
[25-Jun-2022 08:33:56 Europe/Berlin] Inicio de aplicacion web
[25-Jun-2022 08:33:56 Europe/Berlin] Errores::construct -> Inicio de Errores
[25-Jun-2022 08:34:12 Europe/Berlin] Inicio de aplicacion web
[25-Jun-2022 08:34:12 Europe/Berlin] SESSIONCONTROLLER::validateSession
[25-Jun-2022 08:34:12 Europe/Berlin] Conexión a BD exitosa
[25-Jun-2022 08:34:12 Europe/Berlin] SESSIONCONTROLLER::getUserSessionData -> a
[25-Jun-2022 08:34:12 Europe/Berlin] SESSIONCONTROLLER::getCurrentPage -> dashboard
[25-Jun-2022 08:34:12 Europe/Berlin] SESSIONCONTROLLER::getCurrentPage -> dashboard
[25-Jun-2022 08:34:12 Europe/Berlin] Dashboard::construct -> Inicio de Dashboard
[25-Jun-2022 08:34:12 Europe/Berlin] Dashboard::render -> Carga el index de Dashboard
[25-Jun-2022 08:34:18 Europe/Berlin] Inicio de aplicacion web
[25-Jun-2022 08:34:18 Europe/Berlin] APP::CONSTRUCT-> no hay controlador especificado
[25-Jun-2022 08:34:18 Europe/Berlin] SESSIONCONTROLLER::validateSession
[25-Jun-2022 08:34:18 Europe/Berlin] Conexión a BD exitosa
[25-Jun-2022 08:34:18 Europe/Berlin] SESSIONCONTROLLER::getUserSessionData -> a
[25-Jun-2022 08:34:18 Europe/Berlin] SESSIONCONTROLLER::getCurrentPage -> 
[25-Jun-2022 08:34:18 Europe/Berlin] Login::construct -> Inicio de login
[25-Jun-2022 08:34:18 Europe/Berlin] Login::render -> Carga el index de login
[25-Jun-2022 08:34:18 Europe/Berlin] Inicio de aplicacion web
[25-Jun-2022 08:34:18 Europe/Berlin] Errores::construct -> Inicio de Errores
[25-Jun-2022 08:34:24 Europe/Berlin] Inicio de aplicacion web
[25-Jun-2022 08:34:24 Europe/Berlin] SESSIONCONTROLLER::validateSession
[25-Jun-2022 08:34:24 Europe/Berlin] Conexión a BD exitosa
[25-Jun-2022 08:34:24 Europe/Berlin] SESSIONCONTROLLER::getUserSessionData -> a
[25-Jun-2022 08:34:24 Europe/Berlin] SESSIONCONTROLLER::getCurrentPage -> signup
[25-Jun-2022 08:34:24 Europe/Berlin] Inicio de aplicacion web
[25-Jun-2022 08:34:24 Europe/Berlin] Errores::construct -> Inicio de Errores
[25-Jun-2022 08:34:30 Europe/Berlin] Inicio de aplicacion web
[25-Jun-2022 08:34:30 Europe/Berlin] SESSIONCONTROLLER::validateSession
[25-Jun-2022 08:34:30 Europe/Berlin] Conexión a BD exitosa
[25-Jun-2022 08:34:30 Europe/Berlin] SESSIONCONTROLLER::getUserSessionData -> a
[25-Jun-2022 08:34:30 Europe/Berlin] SESSIONCONTROLLER::getCurrentPage -> dashboard
[25-Jun-2022 08:34:30 Europe/Berlin] SESSIONCONTROLLER::getCurrentPage -> dashboard
[25-Jun-2022 08:34:30 Europe/Berlin] Dashboard::construct -> Inicio de Dashboard
[25-Jun-2022 08:34:30 Europe/Berlin] Dashboard::render -> Carga el index de Dashboard
[25-Jun-2022 08:36:55 Europe/Berlin] Inicio de aplicacion web
[25-Jun-2022 08:36:55 Europe/Berlin] SESSIONCONTROLLER::validateSession
[25-Jun-2022 08:36:55 Europe/Berlin] Conexión a BD exitosa
[25-Jun-2022 08:36:55 Europe/Berlin] SESSIONCONTROLLER::getUserSessionData -> a
[25-Jun-2022 08:36:55 Europe/Berlin] SESSIONCONTROLLER::getCurrentPage -> dashboard
[25-Jun-2022 08:36:55 Europe/Berlin] SESSIONCONTROLLER::getCurrentPage -> dashboard
[25-Jun-2022 08:36:55 Europe/Berlin] Dashboard::construct -> Inicio de Dashboard
[25-Jun-2022 08:36:55 Europe/Berlin] Dashboard::render -> Carga el index de Dashboard
[25-Jun-2022 08:36:59 Europe/Berlin] Inicio de aplicacion web
[25-Jun-2022 08:36:59 Europe/Berlin] APP::CONSTRUCT-> no hay controlador especificado
[25-Jun-2022 08:36:59 Europe/Berlin] SESSIONCONTROLLER::validateSession
[25-Jun-2022 08:36:59 Europe/Berlin] Conexión a BD exitosa
[25-Jun-2022 08:36:59 Europe/Berlin] SESSIONCONTROLLER::getUserSessionData -> a
[25-Jun-2022 08:36:59 Europe/Berlin] SESSIONCONTROLLER::getCurrentPage -> 
[25-Jun-2022 08:36:59 Europe/Berlin] Login::construct -> Inicio de login
[25-Jun-2022 08:36:59 Europe/Berlin] Login::render -> Carga el index de login
[25-Jun-2022 08:36:59 Europe/Berlin] Inicio de aplicacion web
[25-Jun-2022 08:36:59 Europe/Berlin] SESSIONCONTROLLER::validateSession
[25-Jun-2022 08:36:59 Europe/Berlin] Conexión a BD exitosa
[25-Jun-2022 08:36:59 Europe/Berlin] SESSIONCONTROLLER::getUserSessionData -> a
[25-Jun-2022 08:36:59 Europe/Berlin] SESSIONCONTROLLER::getCurrentPage -> dashboard
[25-Jun-2022 08:36:59 Europe/Berlin] SESSIONCONTROLLER::getCurrentPage -> dashboard
[25-Jun-2022 08:36:59 Europe/Berlin] Dashboard::construct -> Inicio de Dashboard
[25-Jun-2022 08:36:59 Europe/Berlin] Dashboard::render -> Carga el index de Dashboard
[25-Jun-2022 08:37:03 Europe/Berlin] Inicio de aplicacion web
[25-Jun-2022 08:37:03 Europe/Berlin] SESSIONCONTROLLER::validateSession
[25-Jun-2022 08:37:03 Europe/Berlin] SESSIONCONTROLLER::getCurrentPage -> dashboard
[25-Jun-2022 08:37:03 Europe/Berlin] Dashboard::construct -> Inicio de Dashboard
[25-Jun-2022 08:37:03 Europe/Berlin] Dashboard::render -> Carga el index de Dashboard
[25-Jun-2022 08:37:03 Europe/Berlin] Inicio de aplicacion web
[25-Jun-2022 08:37:03 Europe/Berlin] APP::CONSTRUCT-> no hay controlador especificado
[25-Jun-2022 08:37:03 Europe/Berlin] SESSIONCONTROLLER::validateSession
[25-Jun-2022 08:37:03 Europe/Berlin] SESSIONCONTROLLER::getCurrentPage -> 
[25-Jun-2022 08:37:03 Europe/Berlin] Login::construct -> Inicio de login
[25-Jun-2022 08:37:03 Europe/Berlin] Login::render -> Carga el index de login
[25-Jun-2022 08:37:07 Europe/Berlin] Inicio de aplicacion web
[25-Jun-2022 08:37:07 Europe/Berlin] SESSIONCONTROLLER::validateSession
[25-Jun-2022 08:37:07 Europe/Berlin] SESSIONCONTROLLER::getCurrentPage -> login
[25-Jun-2022 08:37:07 Europe/Berlin] Login::construct -> Inicio de login
[25-Jun-2022 08:37:07 Europe/Berlin] PHP Warning:  Invalid argument supplied for foreach() in C:\xampp\htdocs\expenses\libs\controller.php on line 21
[25-Jun-2022 08:37:07 Europe/Berlin] Conexión a BD exitosa
[25-Jun-2022 08:37:07 Europe/Berlin] LoginModel::login -> success 
[25-Jun-2022 08:37:07 Europe/Berlin] PHP Notice:  Undefined index: user in C:\xampp\htdocs\expenses\classes\sessioncontroller.php on line 144
[25-Jun-2022 08:37:07 Europe/Berlin] Inicio de aplicacion web
[25-Jun-2022 08:37:07 Europe/Berlin] APP::CONSTRUCT-> no hay controlador especificado
[25-Jun-2022 08:37:07 Europe/Berlin] SESSIONCONTROLLER::validateSession
[25-Jun-2022 08:37:07 Europe/Berlin] Conexión a BD exitosa
[25-Jun-2022 08:37:07 Europe/Berlin] SESSIONCONTROLLER::getUserSessionData -> a
[25-Jun-2022 08:37:07 Europe/Berlin] SESSIONCONTROLLER::getCurrentPage -> 
[25-Jun-2022 08:37:07 Europe/Berlin] Login::construct -> Inicio de login
[25-Jun-2022 08:37:07 Europe/Berlin] Login::render -> Carga el index de login
[25-Jun-2022 08:37:07 Europe/Berlin] Inicio de aplicacion web
[25-Jun-2022 08:37:07 Europe/Berlin] SESSIONCONTROLLER::validateSession
[25-Jun-2022 08:37:07 Europe/Berlin] Conexión a BD exitosa
[25-Jun-2022 08:37:07 Europe/Berlin] SESSIONCONTROLLER::getUserSessionData -> a
[25-Jun-2022 08:37:07 Europe/Berlin] SESSIONCONTROLLER::getCurrentPage -> dashboard
[25-Jun-2022 08:37:07 Europe/Berlin] SESSIONCONTROLLER::getCurrentPage -> dashboard
[25-Jun-2022 08:37:07 Europe/Berlin] Dashboard::construct -> Inicio de Dashboard
[25-Jun-2022 08:37:07 Europe/Berlin] Dashboard::render -> Carga el index de Dashboard
[25-Jun-2022 08:38:08 Europe/Berlin] Inicio de aplicacion web
[25-Jun-2022 08:38:08 Europe/Berlin] APP::CONSTRUCT-> no hay controlador especificado
[25-Jun-2022 08:38:08 Europe/Berlin] SESSIONCONTROLLER::validateSession
[25-Jun-2022 08:38:08 Europe/Berlin] Conexión a BD exitosa
[25-Jun-2022 08:38:08 Europe/Berlin] SESSIONCONTROLLER::getUserSessionData -> a
[25-Jun-2022 08:38:08 Europe/Berlin] SESSIONCONTROLLER::getCurrentPage -> 
[25-Jun-2022 08:38:08 Europe/Berlin] Login::construct -> Inicio de login
[25-Jun-2022 08:38:08 Europe/Berlin] Login::render -> Carga el index de login
[25-Jun-2022 08:38:40 Europe/Berlin] Inicio de aplicacion web
[25-Jun-2022 08:38:40 Europe/Berlin] SESSIONCONTROLLER::validateSession
[25-Jun-2022 08:38:40 Europe/Berlin] Conexión a BD exitosa
[25-Jun-2022 08:38:40 Europe/Berlin] SESSIONCONTROLLER::getUserSessionData -> a
[25-Jun-2022 08:38:40 Europe/Berlin] SESSIONCONTROLLER::getCurrentPage -> dashboard
[25-Jun-2022 08:38:40 Europe/Berlin] SESSIONCONTROLLER::getCurrentPage -> dashboard
[25-Jun-2022 08:38:40 Europe/Berlin] Dashboard::construct -> Inicio de Dashboard
[25-Jun-2022 08:38:40 Europe/Berlin] Dashboard::render -> Carga el index de Dashboard
[25-Jun-2022 08:38:41 Europe/Berlin] Inicio de aplicacion web
[25-Jun-2022 08:38:41 Europe/Berlin] SESSIONCONTROLLER::validateSession
[25-Jun-2022 08:38:41 Europe/Berlin] Conexión a BD exitosa
[25-Jun-2022 08:38:41 Europe/Berlin] SESSIONCONTROLLER::getUserSessionData -> a
[25-Jun-2022 08:38:41 Europe/Berlin] SESSIONCONTROLLER::getCurrentPage -> dashboard
[25-Jun-2022 08:38:41 Europe/Berlin] SESSIONCONTROLLER::getCurrentPage -> dashboard
[25-Jun-2022 08:38:41 Europe/Berlin] Dashboard::construct -> Inicio de Dashboard
[25-Jun-2022 08:38:41 Europe/Berlin] Dashboard::render -> Carga el index de Dashboard
[25-Jun-2022 08:38:43 Europe/Berlin] Inicio de aplicacion web
[25-Jun-2022 08:38:43 Europe/Berlin] APP::CONSTRUCT-> no hay controlador especificado
[25-Jun-2022 08:38:43 Europe/Berlin] SESSIONCONTROLLER::validateSession
[25-Jun-2022 08:38:43 Europe/Berlin] Conexión a BD exitosa
[25-Jun-2022 08:38:43 Europe/Berlin] SESSIONCONTROLLER::getUserSessionData -> a
[25-Jun-2022 08:38:43 Europe/Berlin] SESSIONCONTROLLER::getCurrentPage -> 
[25-Jun-2022 08:38:43 Europe/Berlin] Login::construct -> Inicio de login
[25-Jun-2022 08:38:43 Europe/Berlin] Login::render -> Carga el index de login
[25-Jun-2022 08:38:44 Europe/Berlin] Inicio de aplicacion web
[25-Jun-2022 08:38:44 Europe/Berlin] SESSIONCONTROLLER::validateSession
[25-Jun-2022 08:38:44 Europe/Berlin] Conexión a BD exitosa
[25-Jun-2022 08:38:44 Europe/Berlin] SESSIONCONTROLLER::getUserSessionData -> a
[25-Jun-2022 08:38:44 Europe/Berlin] SESSIONCONTROLLER::getCurrentPage -> dashboard
[25-Jun-2022 08:38:44 Europe/Berlin] SESSIONCONTROLLER::getCurrentPage -> dashboard
[25-Jun-2022 08:38:44 Europe/Berlin] Dashboard::construct -> Inicio de Dashboard
[25-Jun-2022 08:38:44 Europe/Berlin] Dashboard::render -> Carga el index de Dashboard
[25-Jun-2022 08:39:15 Europe/Berlin] Inicio de aplicacion web
[25-Jun-2022 08:39:15 Europe/Berlin] SESSIONCONTROLLER::validateSession
[25-Jun-2022 08:39:15 Europe/Berlin] Conexión a BD exitosa
[25-Jun-2022 08:39:15 Europe/Berlin] SESSIONCONTROLLER::getUserSessionData -> a
[25-Jun-2022 08:39:15 Europe/Berlin] SESSIONCONTROLLER::getCurrentPage -> dashboard
[25-Jun-2022 08:39:15 Europe/Berlin] SESSIONCONTROLLER::getCurrentPage -> dashboard
[25-Jun-2022 08:39:15 Europe/Berlin] Dashboard::construct -> Inicio de Dashboard
[25-Jun-2022 08:39:15 Europe/Berlin] Dashboard::render -> Carga el index de Dashboard
[25-Jun-2022 08:39:19 Europe/Berlin] Inicio de aplicacion web
[25-Jun-2022 08:39:19 Europe/Berlin] APP::CONSTRUCT-> no hay controlador especificado
[25-Jun-2022 08:39:19 Europe/Berlin] SESSIONCONTROLLER::validateSession
[25-Jun-2022 08:39:19 Europe/Berlin] Conexión a BD exitosa
[25-Jun-2022 08:39:19 Europe/Berlin] SESSIONCONTROLLER::getUserSessionData -> a
[25-Jun-2022 08:39:19 Europe/Berlin] SESSIONCONTROLLER::getCurrentPage -> 
[25-Jun-2022 08:39:19 Europe/Berlin] Login::construct -> Inicio de login
[25-Jun-2022 08:39:19 Europe/Berlin] Login::render -> Carga el index de login
[25-Jun-2022 08:39:19 Europe/Berlin] Inicio de aplicacion web
[25-Jun-2022 08:39:19 Europe/Berlin] SESSIONCONTROLLER::validateSession
[25-Jun-2022 08:39:19 Europe/Berlin] Conexión a BD exitosa
[25-Jun-2022 08:39:19 Europe/Berlin] SESSIONCONTROLLER::getUserSessionData -> a
[25-Jun-2022 08:39:19 Europe/Berlin] SESSIONCONTROLLER::getCurrentPage -> dashboard
[25-Jun-2022 08:39:19 Europe/Berlin] SESSIONCONTROLLER::getCurrentPage -> dashboard
[25-Jun-2022 08:39:19 Europe/Berlin] Dashboard::construct -> Inicio de Dashboard
[25-Jun-2022 08:39:19 Europe/Berlin] Dashboard::render -> Carga el index de Dashboard
[25-Jun-2022 08:40:19 Europe/Berlin] Inicio de aplicacion web
[25-Jun-2022 08:40:19 Europe/Berlin] APP::CONSTRUCT-> no hay controlador especificado
[25-Jun-2022 08:40:19 Europe/Berlin] SESSIONCONTROLLER::validateSession
[25-Jun-2022 08:40:19 Europe/Berlin] SESSIONCONTROLLER::getCurrentPage -> 
[25-Jun-2022 08:40:19 Europe/Berlin] Login::construct -> Inicio de login
[25-Jun-2022 08:40:19 Europe/Berlin] Login::render -> Carga el index de login
[25-Jun-2022 08:40:27 Europe/Berlin] Inicio de aplicacion web
[25-Jun-2022 08:40:27 Europe/Berlin] SESSIONCONTROLLER::validateSession
[25-Jun-2022 08:40:27 Europe/Berlin] SESSIONCONTROLLER::getCurrentPage -> login
[25-Jun-2022 08:40:27 Europe/Berlin] Login::construct -> Inicio de login
[25-Jun-2022 08:40:27 Europe/Berlin] PHP Warning:  Invalid argument supplied for foreach() in C:\xampp\htdocs\expenses\libs\controller.php on line 21
[25-Jun-2022 08:40:27 Europe/Berlin] Conexión a BD exitosa
[25-Jun-2022 08:40:27 Europe/Berlin] LoginModel::login -> success 
[25-Jun-2022 08:40:27 Europe/Berlin] PHP Notice:  Undefined index: user in C:\xampp\htdocs\expenses\classes\sessioncontroller.php on line 144
[25-Jun-2022 08:40:27 Europe/Berlin] Inicio de aplicacion web
[25-Jun-2022 08:40:27 Europe/Berlin] APP::CONSTRUCT-> no hay controlador especificado
[25-Jun-2022 08:40:27 Europe/Berlin] SESSIONCONTROLLER::validateSession
[25-Jun-2022 08:40:27 Europe/Berlin] Conexión a BD exitosa
[25-Jun-2022 08:40:27 Europe/Berlin] SESSIONCONTROLLER::getUserSessionData -> a
[25-Jun-2022 08:40:27 Europe/Berlin] SESSIONCONTROLLER::getCurrentPage -> 
[25-Jun-2022 08:40:27 Europe/Berlin] Login::construct -> Inicio de login
[25-Jun-2022 08:40:27 Europe/Berlin] Login::render -> Carga el index de login
[25-Jun-2022 08:40:27 Europe/Berlin] Inicio de aplicacion web
[25-Jun-2022 08:40:27 Europe/Berlin] SESSIONCONTROLLER::validateSession
[25-Jun-2022 08:40:27 Europe/Berlin] Conexión a BD exitosa
[25-Jun-2022 08:40:27 Europe/Berlin] SESSIONCONTROLLER::getUserSessionData -> a
[25-Jun-2022 08:40:27 Europe/Berlin] SESSIONCONTROLLER::getCurrentPage -> dashboard
[25-Jun-2022 08:40:27 Europe/Berlin] SESSIONCONTROLLER::getCurrentPage -> dashboard
[25-Jun-2022 08:40:27 Europe/Berlin] Dashboard::construct -> Inicio de Dashboard
[25-Jun-2022 08:40:27 Europe/Berlin] Dashboard::render -> Carga el index de Dashboard
[25-Jun-2022 08:41:16 Europe/Berlin] Inicio de aplicacion web
[25-Jun-2022 08:41:16 Europe/Berlin] APP::CONSTRUCT-> no hay controlador especificado
[25-Jun-2022 08:41:16 Europe/Berlin] SESSIONCONTROLLER::validateSession
[25-Jun-2022 08:41:16 Europe/Berlin] Conexión a BD exitosa
[25-Jun-2022 08:41:16 Europe/Berlin] SESSIONCONTROLLER::getUserSessionData -> a
[25-Jun-2022 08:41:16 Europe/Berlin] SESSIONCONTROLLER::getCurrentPage -> 
[25-Jun-2022 08:41:16 Europe/Berlin] Login::construct -> Inicio de login
[25-Jun-2022 08:41:16 Europe/Berlin] Login::render -> Carga el index de login
[25-Jun-2022 08:41:16 Europe/Berlin] Inicio de aplicacion web
[25-Jun-2022 08:41:16 Europe/Berlin] SESSIONCONTROLLER::validateSession
[25-Jun-2022 08:41:16 Europe/Berlin] Conexión a BD exitosa
[25-Jun-2022 08:41:17 Europe/Berlin] SESSIONCONTROLLER::getUserSessionData -> a
[25-Jun-2022 08:41:17 Europe/Berlin] SESSIONCONTROLLER::getCurrentPage -> dashboard
[25-Jun-2022 08:41:17 Europe/Berlin] SESSIONCONTROLLER::getCurrentPage -> dashboard
[25-Jun-2022 08:41:17 Europe/Berlin] Dashboard::construct -> Inicio de Dashboard
[25-Jun-2022 08:41:17 Europe/Berlin] Dashboard::render -> Carga el index de Dashboard
[25-Jun-2022 08:41:33 Europe/Berlin] Inicio de aplicacion web
[25-Jun-2022 08:41:33 Europe/Berlin] APP::CONSTRUCT-> no hay controlador especificado
[25-Jun-2022 08:41:33 Europe/Berlin] SESSIONCONTROLLER::validateSession
[25-Jun-2022 08:41:33 Europe/Berlin] SESSIONCONTROLLER::getCurrentPage -> 
[25-Jun-2022 08:41:33 Europe/Berlin] Login::construct -> Inicio de login
[25-Jun-2022 08:41:33 Europe/Berlin] Login::render -> Carga el index de login
[25-Jun-2022 08:41:39 Europe/Berlin] Inicio de aplicacion web
[25-Jun-2022 08:41:39 Europe/Berlin] SESSIONCONTROLLER::validateSession
[25-Jun-2022 08:41:39 Europe/Berlin] SESSIONCONTROLLER::getCurrentPage -> login
[25-Jun-2022 08:41:39 Europe/Berlin] Login::construct -> Inicio de login
[25-Jun-2022 08:41:39 Europe/Berlin] PHP Warning:  Invalid argument supplied for foreach() in C:\xampp\htdocs\expenses\libs\controller.php on line 21
[25-Jun-2022 08:41:39 Europe/Berlin] Conexión a BD exitosa
[25-Jun-2022 08:41:39 Europe/Berlin] Inicio de aplicacion web
[25-Jun-2022 08:41:39 Europe/Berlin] APP::CONSTRUCT-> no hay controlador especificado
[25-Jun-2022 08:41:39 Europe/Berlin] SESSIONCONTROLLER::validateSession
[25-Jun-2022 08:41:39 Europe/Berlin] SESSIONCONTROLLER::getCurrentPage -> ?error=13bbe9cf34d5efb05f9aa32cbff4bb13
[25-Jun-2022 08:41:39 Europe/Berlin] Login::construct -> Inicio de login
[25-Jun-2022 08:41:39 Europe/Berlin] Login::render -> Carga el index de login
[25-Jun-2022 08:41:45 Europe/Berlin] Inicio de aplicacion web
[25-Jun-2022 08:41:45 Europe/Berlin] SESSIONCONTROLLER::validateSession
[25-Jun-2022 08:41:45 Europe/Berlin] SESSIONCONTROLLER::getCurrentPage -> login
[25-Jun-2022 08:41:45 Europe/Berlin] Login::construct -> Inicio de login
[25-Jun-2022 08:41:45 Europe/Berlin] PHP Warning:  Invalid argument supplied for foreach() in C:\xampp\htdocs\expenses\libs\controller.php on line 21
[25-Jun-2022 08:41:45 Europe/Berlin] Conexión a BD exitosa
[25-Jun-2022 08:41:45 Europe/Berlin] LoginModel::login -> PASSWORD no es igual
[25-Jun-2022 08:41:45 Europe/Berlin] Inicio de aplicacion web
[25-Jun-2022 08:41:45 Europe/Berlin] APP::CONSTRUCT-> no hay controlador especificado
[25-Jun-2022 08:41:45 Europe/Berlin] SESSIONCONTROLLER::validateSession
[25-Jun-2022 08:41:45 Europe/Berlin] SESSIONCONTROLLER::getCurrentPage -> ?error=13bbe9cf34d5efb05f9aa32cbff4bb13
[25-Jun-2022 08:41:45 Europe/Berlin] Login::construct -> Inicio de login
[25-Jun-2022 08:41:45 Europe/Berlin] Login::render -> Carga el index de login
[25-Jun-2022 08:41:48 Europe/Berlin] Inicio de aplicacion web
[25-Jun-2022 08:41:48 Europe/Berlin] SESSIONCONTROLLER::validateSession
[25-Jun-2022 08:41:48 Europe/Berlin] SESSIONCONTROLLER::getCurrentPage -> login
[25-Jun-2022 08:41:48 Europe/Berlin] Login::construct -> Inicio de login
[25-Jun-2022 08:41:48 Europe/Berlin] PHP Warning:  Invalid argument supplied for foreach() in C:\xampp\htdocs\expenses\libs\controller.php on line 21
[25-Jun-2022 08:41:48 Europe/Berlin] Conexión a BD exitosa
[25-Jun-2022 08:41:48 Europe/Berlin] LoginModel::login -> success 
[25-Jun-2022 08:41:48 Europe/Berlin] PHP Notice:  Undefined index: user in C:\xampp\htdocs\expenses\classes\sessioncontroller.php on line 144
[25-Jun-2022 08:41:48 Europe/Berlin] Inicio de aplicacion web
[25-Jun-2022 08:41:48 Europe/Berlin] APP::CONSTRUCT-> no hay controlador especificado
[25-Jun-2022 08:41:48 Europe/Berlin] SESSIONCONTROLLER::validateSession
[25-Jun-2022 08:41:48 Europe/Berlin] Conexión a BD exitosa
[25-Jun-2022 08:41:48 Europe/Berlin] SESSIONCONTROLLER::getUserSessionData -> b
[25-Jun-2022 08:41:48 Europe/Berlin] SESSIONCONTROLLER::getCurrentPage -> 
[25-Jun-2022 08:41:48 Europe/Berlin] Login::construct -> Inicio de login
[25-Jun-2022 08:41:48 Europe/Berlin] Login::render -> Carga el index de login
[25-Jun-2022 08:41:48 Europe/Berlin] Inicio de aplicacion web
[25-Jun-2022 08:41:48 Europe/Berlin] SESSIONCONTROLLER::validateSession
[25-Jun-2022 08:41:48 Europe/Berlin] Conexión a BD exitosa
[25-Jun-2022 08:41:49 Europe/Berlin] SESSIONCONTROLLER::getUserSessionData -> b
[25-Jun-2022 08:41:49 Europe/Berlin] SESSIONCONTROLLER::getCurrentPage -> dashboard
[25-Jun-2022 08:41:49 Europe/Berlin] SESSIONCONTROLLER::getCurrentPage -> dashboard
[25-Jun-2022 08:41:49 Europe/Berlin] Dashboard::construct -> Inicio de Dashboard
[25-Jun-2022 08:41:49 Europe/Berlin] Dashboard::render -> Carga el index de Dashboard
